  ADDR  |  HEX  |      BINARY      |  LN  |  ASSEMBLY
        |       |                  |    1 | .ORIG x3000
        |       |                  |    2 | 
 x3000  | xF031 | 1111000000110001 |    3 | TRAP 0x31 
 x3001  | x304B | 0011000001001011 |    4 | ST R0, PLAYER_X ;-20
 x3002  | x324B | 0011001001001011 |    5 | ST R1, PLAYER_Y ;-61
 x3003  | x344B | 0011010001001011 |    6 | ST R2,PLAYER_Z  ;79
 x3004  | x2C46 | 0010110001000110 |    7 | LD R6, COUNT
 x3005  | x2E46 | 0010111001000110 |    8 | LD R7, BIT_MASK
        |       |                  |    9 | 
 x3006  | x102F | 0001000000101111 |   10 | ADD R0,R0,#15
 x3007  | x1021 | 0001000000100001 |   11 | ADD R0,R0,#1
 x3008  | x14A1 | 0001010010100001 |   12 | ADD R2,R2,#1
        |       |                  |   13 | 
        |       |                  |   14 | LOOP
 x3009  | x103F | 0001000000111111 |   15 | ADD R0,R0,#-1
 x300A  | x2243 | 0010001001000011 |   16 | LD R1 , PLAYER_Y
 x300B  | xF033 | 1111000000110011 |   17 | TRAP 0x33 
 x300C  | x58C7 | 0101100011000111 |   18 | AND R4,R3,R7
 x300D  | x0401 | 0000010000000001 |   19 | BRz ISZERO
 x300E  | x1B44 | 0001101101000100 |   20 | ADD R5,R5,R4 
        |       |                  |   21 | ISZERO ; Shift it and skip to the next bit without adding 1
 x300F  | x1DBF | 0001110110111111 |   22 | ADD R6,R6,#-1
 x3010  | x0404 | 0000010000000100 |   23 | BRz DONE
 x3011  | x1B45 | 0001101101000101 |   24 | ADD R5,R5,R5
 x3012  | x1904 | 0001100100000100 |   25 | ADD R4,R4,R4
 x3013  | xF036 | 1111000000110110 |   26 | TRAP 0x36
 x3014  | x0FF4 | 0000111111110100 |   27 | BRnzp LOOP
        |       |                  |   28 | DONE
 x3015  | xF036 | 1111000000110110 |   29 | TRAP 0x36
        |       |                  |   30 | 
 x3016  | x3A33 | 0011101000110011 |   31 | ST R5, LINE1 ; storing the first binary.
        |       |                  |   32 | 
 x3017  | x5B60 | 0101101101100000 |   33 | AND R5,R5,#0 ;clearing the registers
 x3018  | x5920 | 0101100100100000 |   34 | AND R4,R4,#0
 x3019  | x1DAF | 0001110110101111 |   35 | ADD R6,R6,#15
 x301A  | x1DA1 | 0001110110100001 |   36 | ADD R6,R6,#1
 x301B  | x14A1 | 0001010010100001 |   37 | ADD R2,R2,#1 ; shifting this 1 more to the right.
 x301C  | x102F | 0001000000101111 |   38 | ADD R0,R0,#15 ;Adding another 16 so we can decrement 
 x301D  | x1021 | 0001000000100001 |   39 | ADD R0,R0,#1
        |       |                  |   40 | 
        |       |                  |   41 | LOOP1
 x301E  | x103F | 0001000000111111 |   42 | ADD R0,R0,#-1
 x301F  | x222E | 0010001000101110 |   43 | LD R1 , PLAYER_Y
 x3020  | xF033 | 1111000000110011 |   44 | TRAP 0x33 
 x3021  | x5AC7 | 0101101011000111 |   45 | AND R5,R3,R7
 x3022  | x0401 | 0000010000000001 |   46 | BRz ISZERO1
 x3023  | x1905 | 0001100100000101 |   47 | ADD R4,R4,R5 
        |       |                  |   48 | ISZERO1 ; Shift it and skip to the next bit without adding 1
 x3024  | x1DBF | 0001110110111111 |   49 | ADD R6,R6,#-1
 x3025  | x0404 | 0000010000000100 |   50 | BRz DONE1
 x3026  | x1B45 | 0001101101000101 |   51 | ADD R5,R5,R5
 x3027  | x1904 | 0001100100000100 |   52 | ADD R4,R4,R4
 x3028  | xF036 | 1111000000110110 |   53 | TRAP 0x36
 x3029  | x0FF4 | 0000111111110100 |   54 | BRnzp LOOP1
        |       |                  |   55 | DONE1
 x302A  | xF036 | 1111000000110110 |   56 | TRAP 0x36
        |       |                  |   57 | 
 x302B  | x381D | 0011100000011101 |   58 | ST R4,LINE2
 x302C  | x2A1D | 0010101000011101 |   59 | LD R5,LINE1
 x302D  | x1905 | 0001100100000101 |   60 | ADD R4,R4,R5
 x302E  | xF036 | 1111000000110110 |   61 | TRAP 0x36
        |       |                  |   62 | 
 x302F  | x5B60 | 0101101101100000 |   63 | AND R5, R5,#0
 x3030  | x1B61 | 0001101101100001 |   64 | ADD R5,R5,#1
 x3031  | x5DA0 | 0101110110100000 |   65 | AND R6,R6,#0 
 x3032  | x1DAF | 0001110110101111 |   66 | ADD R6,R6,#15 ; setting a counter for 16 for the 16 bits
 x3033  | x1DA1 | 0001110110100001 |   67 | ADD R6,R6,#1
        |       |                  |   68 | 
 x3034  | x2E17 | 0010111000010111 |   69 | LD R7, BIT_MASK
        |       |                  |   70 | ; begin the looping 
        |       |                  |   71 | PLACING_LOOP
 x3035  | x0412 | 0000010000010010 |   72 | BRz DONE2 ; if R3 is zero all bits have been accounted for 
 x3036  | x57C4 | 0101011111000100 |   73 | AND R3,R7,R4
 x3037  | x0403 | 0000010000000011 |   74 | BRz IS_ZERO3
 x3038  | x56E0 | 0101011011100000 |   75 | AND R3,R3,#0
 x3039  | x2616 | 0010011000010110 |   76 | LD R3, BLOCK_STONE
 x303A  | x0E02 | 0000111000000010 |   77 | BRnzp SET_BLOCK
        |       |                  |   78 | 
        |       |                  |   79 | IS_ZERO3
 x303B  | x56E0 | 0101011011100000 |   80 | AND R3,R3,#0
 x303C  | x2614 | 0010011000010100 |   81 | LD R3, BLOCK_AIR
        |       |                  |   82 | 
        |       |                  |   83 | SET_BLOCK
 x303D  | x200F | 0010000000001111 |   84 | LD R0,PLAYER_X
 x303E  | x1005 | 0001000000000101 |   85 | ADD R0,R0,R5
 x303F  | x220E | 0010001000001110 |   86 | LD R1,PLAYER_Y
 x3040  | x240E | 0010010000001110 |   87 | LD R2,PLAYER_Z
 x3041  | x14A3 | 0001010010100011 |   88 | ADD R2,R2,#3
 x3042  | xF034 | 1111000000110100 |   89 | TRAP 0x34
        |       |                  |   90 | 
 x3043  | x1FC7 | 0001111111000111 |   91 | ADD R7,R7,R7
 x3044  | x1B61 | 0001101101100001 |   92 | ADD R5,R5,#1 ; increment R5 by one so the next block is 2 to the right and so on
 x3045  | x1DBF | 0001110110111111 |   93 | ADD R6,R6,#-1 ; decrement the 16 bit holder until it reaches 0
 x3046  | xF036 | 1111000000110110 |   94 | TRAP 0x36
 x3047  | x0FED | 0000111111101101 |   95 | BRnzp PLACING_LOOP
        |       |                  |   96 | DONE2
        |       |                  |   97 | 
 x3048  | xF025 | 1111000000100101 |   98 | HALT
 x3049  | x0000 | 0000000000000000 |   99 | LINE2 .FILL #0
 x304A  | x0000 | 0000000000000000 |  100 | LINE1 .FILL #0
 x304B  | x000F | 0000000000001111 |  101 | COUNT .FILL #15
 x304C  | x0001 | 0000000000000001 |  102 | BIT_MASK .FILL x0001
 x304D  | x0000 | 0000000000000000 |  103 | PLAYER_X .BLKW 1
 x304E  | x0000 | 0000000000000000 |  104 | PLAYER_Y .BLKW 1
 x304F  | x0000 | 0000000000000000 |  105 | PLAYER_Z .BLKW 1
 x3050  | x0001 | 0000000000000001 |  106 | BLOCK_STONE      .FILL #1      ; Block ID for stone
 x3051  | x0000 | 0000000000000000 |  107 | BLOCK_AIR        .FILL #0  
        |       |                  |  108 | .END