  ADDR  |  HEX  |      BINARY      |  LN  |  ASSEMBLY
        |       |                  |    1 | .ORIG x3000
        |       |                  |    2 | ; Loads constant values in respetive Registers
 x3000  | x56E0 | 0101011011100000 |    3 | AND R3,R3,x0
 x3001  | x5920 | 0101100100100000 |    4 | AND R4,R4,x0
 x3002  | x5B60 | 0101101101100000 |    5 | AND R5,R5,x0
        |       |                  |    6 | 
 x3003  | x268D | 0010011010001101 |    7 | LD R3,G_X 
 x3004  | x288D | 0010100010001101 |    8 | LD R4, G_Y
 x3005  | x2A8D | 0010101010001101 |    9 | LD R5,G_Z 
 x3006  | x2C8D | 0010110010001101 |   10 | LD R6, GOAL_DIST
 x3007  | xF036 | 1111000000110110 |   11 | TRAP 0x36 ;1
        |       |                  |   12 | 
        |       |                  |   13 | ; get my coordinates then load it into Registors R0-R2, Output Register contents 
        |       |                  |   14 | ; ask if trap comes first or LD comes first?
        |       |                  |   15 | 
 x3008  | x5020 | 0101000000100000 |   16 | AND R0,R0,x0
 x3009  | x5260 | 0101001001100000 |   17 | AND R1,R1,x0
 x300A  | x54A0 | 0101010010100000 |   18 | AND R2,R2,x0
        |       |                  |   19 | 
 x300B  | xF031 | 1111000000110001 |   20 | TRAP 0x31
 x300C  | xF036 | 1111000000110110 |   21 | TRAP 0x36 ;2
        |       |                  |   22 | 
        |       |                  |   23 | 
        |       |                  |   24 | ; Negate all G values so that i can (-) 
        |       |                  |   25 | ;; this will check if players position is negative/positive, if negative ignore, if positive make negative
        |       |                  |   26 | 
        |       |                  |   27 | ;-x
 x300D  | x0602 | 0000011000000010 |   28 | BRzp minusgx
 x300E  | x96FF | 1001011011111111 |   29 | NOT R3,R3
 x300F  | x16E1 | 0001011011100001 |   30 | ADD R3,R3,#1
        |       |                  |   31 | minusgx
        |       |                  |   32 | ;-y
 x3010  | x0602 | 0000011000000010 |   33 | BRzp minusgy
 x3011  | x993F | 1001100100111111 |   34 | NOT R4,R4
 x3012  | x1921 | 0001100100100001 |   35 | ADD R4,R4,#1
        |       |                  |   36 | minusgy
        |       |                  |   37 | ;-z
 x3013  | x0602 | 0000011000000010 |   38 | BRzp minusgz
 x3014  | x9B7F | 1001101101111111 |   39 | NOT R5,R5
 x3015  | x1B61 | 0001101101100001 |   40 | ADD R5,R5,#1
        |       |                  |   41 | minusgz
        |       |                  |   42 | 
 x3016  | xF036 | 1111000000110110 |   43 | TRAP 0x36 ;3
        |       |                  |   44 | ; begin calculation
        |       |                  |   45 | 
        |       |                  |   46 | ; Store the difference for ; mylocation - g_x
 x3017  | x1003 | 0001000000000011 |   47 | ADD R0,R0,R3
        |       |                  |   48 | ; Store the difference for ; mylocation - g_y
 x3018  | x1244 | 0001001001000100 |   49 | ADD R1,R1,R4
        |       |                  |   50 | ; Store the difference for ; mylocation - g_z
 x3019  | x1485 | 0001010010000101 |   51 | ADD R2,R2,R5
 x301A  | xF036 | 1111000000110110 |   52 | TRAP 0x36 ;4
        |       |                  |   53 | 
 x301B  | x1020 | 0001000000100000 |   54 | ADD R0,R0,x0    ; storing the absolute value of the difference |barix - g_x|
 x301C  | x0602 | 0000011000000010 |   55 | BRzp absx
 x301D  | x903F | 1001000000111111 |   56 | NOT R0,R0
 x301E  | x1021 | 0001000000100001 |   57 | ADD R0,R0,x1
        |       |                  |   58 | absx
        |       |                  |   59 | 
 x301F  | x1260 | 0001001001100000 |   60 | ADD R1,R1,x0    ; storing the absolute value of the difference |bariy - g_y|
 x3020  | x0602 | 0000011000000010 |   61 | BRzp absy
 x3021  | x927F | 1001001001111111 |   62 | NOT R1,R1
 x3022  | x1261 | 0001001001100001 |   63 | ADD R1,R1,x1
        |       |                  |   64 | absy
        |       |                  |   65 | 
 x3023  | x14A0 | 0001010010100000 |   66 | ADD R2,R2,x0    ; storing the absolute value of the difference |bariz - g_z|
 x3024  | x0602 | 0000011000000010 |   67 | BRzp absz
 x3025  | x94BF | 1001010010111111 |   68 | NOT R2,R2
 x3026  | x14A1 | 0001010010100001 |   69 | ADD R2,R2,x1
        |       |                  |   70 | absz
 x3027  | xF036 | 1111000000110110 |   71 | TRAP 0x36 ;5
        |       |                  |   72 | 
        |       |                  |   73 | ; calculating  the abs value of for the manhattan distance 
        |       |                  |   74 | 
 x3028  | x1001 | 0001000000000001 |   75 | ADD R0,R0,R1
 x3029  | x1002 | 0001000000000010 |   76 | ADD R0,R0,R2
 x302A  | xF036 | 1111000000110110 |   77 | TRAP 0x36 ;6
        |       |                  |   78 | 
        |       |                  |   79 | ; condition needed check if Distance is > 10
        |       |                  |   80 | 
        |       |                  |   81 | ; makes goal distance a (-)
        |       |                  |   82 | 
 x302B  | x9DBF | 1001110110111111 |   83 | NOT R6, R6
 x302C  | x1DA1 | 0001110110100001 |   84 | ADD R6,R6,#1
 x302D  | xF036 | 1111000000110110 |   85 | TRAP 0x36
 x302E  | x1006 | 0001000000000110 |   86 | ADD R0,R0,R6
 x302F  | xF036 | 1111000000110110 |   87 | TRAP 0x36 ;7
        |       |                  |   88 | 
 x3030  | x0402 | 0000010000000010 |   89 | BRz OUT_BOUND
 x3031  | xE039 | 1110000000111001 |   90 | LEA R0, OPT_TWO
 x3032  | xF030 | 1111000000110000 |   91 | TRAP 0x30
        |       |                  |   92 | OUT_BOUND
        |       |                  |   93 | 
 x3033  | x0A02 | 0000101000000010 |   94 | BRnp IN_BOUND
 x3034  | xE002 | 1110000000000010 |   95 | LEA R0, OPT_ONE
 x3035  | xF030 | 1111000000110000 |   96 | TRAP 0x30
        |       |                  |   97 | IN_BOUND
        |       |                  |   98 | 
 x3036  | xF025 | 1111000000100101 |   99 | HALT
        |       |                  |  100 | 
        |       |                  |  101 | 
 x3037  | x0054 | 0000000001010100 |  102 | OPT_ONE .STRINGZ "The player is within Manhattan distance of the goal"
        | x0068 | 0000000001101000 |      |
        | x0065 | 0000000001100101 |      |
        | x0020 | 0000000000100000 |      |
        | x0070 | 0000000001110000 |      |
        | x006C | 0000000001101100 |      |
        | x0061 | 0000000001100001 |      |
        | x0079 | 0000000001111001 |      |
        | x0065 | 0000000001100101 |      |
        | x0072 | 0000000001110010 |      |
        | x0020 | 0000000000100000 |      |
        | x0069 | 0000000001101001 |      |
        | x0073 | 0000000001110011 |      |
        | x0020 | 0000000000100000 |      |
        | x0077 | 0000000001110111 |      |
        | x0069 | 0000000001101001 |      |
        | x0074 | 0000000001110100 |      |
        | x0068 | 0000000001101000 |      |
        | x0069 | 0000000001101001 |      |
        | x006E | 0000000001101110 |      |
        | x0020 | 0000000000100000 |      |
        | x004D | 0000000001001101 |      |
        | x0061 | 0000000001100001 |      |
        | x006E | 0000000001101110 |      |
        | x0068 | 0000000001101000 |      |
        | x0061 | 0000000001100001 |      |
        | x0074 | 0000000001110100 |      |
        | x0074 | 0000000001110100 |      |
        | x0061 | 0000000001100001 |      |
        | x006E | 0000000001101110 |      |
        | x0020 | 0000000000100000 |      |
        | x0064 | 0000000001100100 |      |
        | x0069 | 0000000001101001 |      |
        | x0073 | 0000000001110011 |      |
        | x0074 | 0000000001110100 |      |
        | x0061 | 0000000001100001 |      |
        | x006E | 0000000001101110 |      |
        | x0063 | 0000000001100011 |      |
        | x0065 | 0000000001100101 |      |
        | x0020 | 0000000000100000 |      |
        | x006F | 0000000001101111 |      |
        | x0066 | 0000000001100110 |      |
        | x0020 | 0000000000100000 |      |
        | x0074 | 0000000001110100 |      |
        | x0068 | 0000000001101000 |      |
        | x0065 | 0000000001100101 |      |
        | x0020 | 0000000000100000 |      |
        | x0067 | 0000000001100111 |      |
        | x006F | 0000000001101111 |      |
        | x0061 | 0000000001100001 |      |
        | x006C | 0000000001101100 |      |
        | x0000 | 0000000000000000 |      |
 x306B  | x0054 | 0000000001010100 |  103 | OPT_TWO .STRINGZ "The player is outside the goal bounds"
        | x0068 | 0000000001101000 |      |
        | x0065 | 0000000001100101 |      |
        | x0020 | 0000000000100000 |      |
        | x0070 | 0000000001110000 |      |
        | x006C | 0000000001101100 |      |
        | x0061 | 0000000001100001 |      |
        | x0079 | 0000000001111001 |      |
        | x0065 | 0000000001100101 |      |
        | x0072 | 0000000001110010 |      |
        | x0020 | 0000000000100000 |      |
        | x0069 | 0000000001101001 |      |
        | x0073 | 0000000001110011 |      |
        | x0020 | 0000000000100000 |      |
        | x006F | 0000000001101111 |      |
        | x0075 | 0000000001110101 |      |
        | x0074 | 0000000001110100 |      |
        | x0073 | 0000000001110011 |      |
        | x0069 | 0000000001101001 |      |
        | x0064 | 0000000001100100 |      |
        | x0065 | 0000000001100101 |      |
        | x0020 | 0000000000100000 |      |
        | x0074 | 0000000001110100 |      |
        | x0068 | 0000000001101000 |      |
        | x0065 | 0000000001100101 |      |
        | x0020 | 0000000000100000 |      |
        | x0067 | 0000000001100111 |      |
        | x006F | 0000000001101111 |      |
        | x0061 | 0000000001100001 |      |
        | x006C | 0000000001101100 |      |
        | x0020 | 0000000000100000 |      |
        | x0062 | 0000000001100010 |      |
        | x006F | 0000000001101111 |      |
        | x0075 | 0000000001110101 |      |
        | x006E | 0000000001101110 |      |
        | x0064 | 0000000001100100 |      |
        | x0073 | 0000000001110011 |      |
        | x0000 | 0000000000000000 |      |
        |       |                  |  104 | 
        |       |                  |  105 | ; Note: Please do not change the names of the constants below
 x3091  | xFFF6 | 1111111111110110 |  106 | G_X .FILL #-10
 x3092  | xFFF8 | 1111111111111000 |  107 | G_Y .FILL #-8
 x3093  | xFFF4 | 1111111111110100 |  108 | G_Z .FILL #-12
 x3094  | x0109 | 0000000100001001 |  109 | GOAL_DIST .FILL #265
        |       |                  |  110 | 
        |       |                  |  111 | 
        |       |                  |  112 | 
        |       |                  |  113 | .END