  ADDR  |  HEX  |      BINARY      |  LN  |  ASSEMBLY
        |       |                  |    1 | .ORIG x3000
 x3000  | x2A22 | 0010101000100010 |    2 | LD R5, Y
        |       |                  |    3 | 
 x3001  | x5020 | 0101000000100000 |    4 | AND, R0,R0,#0
 x3002  | x5260 | 0101001001100000 |    5 | AND, R1,R1,#0
 x3003  | x54A0 | 0101010010100000 |    6 | AND, R2,R2,#0
 x3004  | xF031 | 1111000000110001 |    7 | TRAP 0x31
        |       |                  |    8 | ; all registers loaded.
        |       |                  |    9 | 
        |       |                  |   10 | ; abs of the values 
 x3005  | x281C | 0010100000011100 |   11 | LD R4,X
 x3006  | x0602 | 0000011000000010 |   12 | BRzp ZP_X
 x3007  | x993F | 1001100100111111 |   13 | NOT R4,R4
 x3008  | x1921 | 0001100100100001 |   14 | ADD R4,R4,#1
        |       |                  |   15 | ZP_X
        |       |                  |   16 | 
 x3009  | x2A19 | 0010101000011001 |   17 | LD R5,Y
 x300A  | x0602 | 0000011000000010 |   18 | BRzp ZP_Y
 x300B  | x9B7F | 1001101101111111 |   19 | NOT R5,R5
 x300C  | x1B61 | 0001101101100001 |   20 | ADD R5,R5,#1
        |       |                  |   21 | ZP_Y
        |       |                  |   22 | 
 x300D  | xF036 | 1111000000110110 |   23 | TRAP 0x36
 x300E  | x9B7F | 1001101101111111 |   24 | NOT R5,R5
 x300F  | x1B61 | 0001101101100001 |   25 | ADD R5,R5,#1
        |       |                  |   26 | 
 x3010  | x1F05 | 0001111100000101 |   27 | ADD R7,R4,R5
 x3011  | xF036 | 1111000000110110 |   28 | TRAP 0x36
 x3012  | x0402 | 0000010000000010 |   29 | BRz WRITEZERO
 x3013  | x0205 | 0000001000000101 |   30 | BRp WRITEONE
 x3014  | x0808 | 0000100000001000 |   31 | BRn WRITETWO
        |       |                  |   32 | 
        |       |                  |   33 | WRITEZERO
 x3015  | x16E0 | 0001011011100000 |   34 | ADD R3,R3,#0
 x3016  | xF034 | 1111000000110100 |   35 | TRAP 0x34
 x3017  | xF036 | 1111000000110110 |   36 | TRAP 0x36
 x3018  | x0E08 | 0000111000001000 |   37 | BR FINISH
        |       |                  |   38 | 
        |       |                  |   39 | WRITEONE
 x3019  | x16E1 | 0001011011100001 |   40 | ADD R3,R3,#1
 x301A  | xF034 | 1111000000110100 |   41 | TRAP 0x34
 x301B  | xF036 | 1111000000110110 |   42 | TRAP 0x36
 x301C  | x0E04 | 0000111000000100 |   43 | BR FINISH
        |       |                  |   44 | 
        |       |                  |   45 | WRITETWO
 x301D  | x16E2 | 0001011011100010 |   46 | ADD R3,R3,#2
 x301E  | xF034 | 1111000000110100 |   47 | TRAP 0x34
 x301F  | xF036 | 1111000000110110 |   48 | TRAP 0x36
 x3020  | x0E00 | 0000111000000000 |   49 | BR FINISH
        |       |                  |   50 | 
        |       |                  |   51 | FINISH
 x3021  | xF025 | 1111000000100101 |   52 | HALT
        |       |                  |   53 | 
 x3022  | xFFFB | 1111111111111011 |   54 | X .FILL #-5
 x3023  | xFFFA | 1111111111111010 |   55 | Y .FILL #-6
        |       |                  |   56 | 
        |       |                  |   57 | .END
