  ADDR  |  HEX  |      BINARY      |  LN  |  ASSEMBLY
        |       |                  |    1 | .ORIG x3000
        |       |                  |    2 | ; using GetHeight function 
 x3000  | xF031 | 1111000000110001 |    3 | TRAP 0x31
 x3001  | xF035 | 1111000000110101 |    4 | TRAP 0x35
 x3002  | x3013 | 0011000000010011 |    5 | ST R0, PLAY_X
 x3003  | x3213 | 0011001000010011 |    6 | ST R1, PLAY_Y
 x3004  | x3413 | 0011010000010011 |    7 | ST R2, PLAY_Z
 x3005  | x2A14 | 0010101000010100 |    8 | LD R5, COUNT
        |       |                  |    9 | 
        |       |                  |   10 | LOOP0
 x3006  | x0406 | 0000010000000110 |   11 | BRz DONE0
 x3007  | x2611 | 0010011000010001 |   12 | LD R3, GLASS
 x3008  | x1261 | 0001001001100001 |   13 | ADD R1,R1,#1
 x3009  | xF034 | 1111000000110100 |   14 | TRAP 0x34
 x300A  | x1B7F | 0001101101111111 |   15 | ADD R5,R5, #-1
 x300B  | xF036 | 1111000000110110 |   16 | TRAP 0x36
 x300C  | x0FF9 | 0000111111111001 |   17 | BR LOOP0
        |       |                  |   18 | DONE0
        |       |                  |   19 | 
 x300D  | x1021 | 0001000000100001 |   20 | ADD R0,R0,#1
        |       |                  |   21 | 
        |       |                  |   22 | LOOP1
 x300E  | x0406 | 0000010000000110 |   23 | BRz DONE1
 x300F  | x2609 | 0010011000001001 |   24 | LD R3, GLASS
 x3010  | x1261 | 0001001001100001 |   25 | ADD R1,R1,#1
 x3011  | xF034 | 1111000000110100 |   26 | TRAP 0x34
 x3012  | x1B7F | 0001101101111111 |   27 | ADD R5,R5, #-1
 x3013  | xF036 | 1111000000110110 |   28 | TRAP 0x36
 x3014  | x0FF9 | 0000111111111001 |   29 | BR LOOP1
        |       |                  |   30 | DONE1
        |       |                  |   31 | 
 x3015  | xF025 | 1111000000100101 |   32 | HALT
 x3016  | x0000 | 0000000000000000 |   33 | PLAY_X .BLKW 1
 x3017  | x0000 | 0000000000000000 |   34 | PLAY_Y .BLKW 1
 x3018  | x0000 | 0000000000000000 |   35 | PLAY_Z .BLKW 1
 x3019  | x0000 | 0000000000000000 |   36 | GLASS .FILL #0
        |       |                  |   37 | 
 x301A  | x0005 | 0000000000000101 |   38 | COUNT .FILL #5
        |       |                  |   39 | .END